{"C:\\Ignite\\ReactNative\\gofinances\\src\\components\\CategorySelectButton\\index.tsx": {"path":"C:\\Ignite\\ReactNative\\gofinances\\src\\components\\CategorySelectButton\\index.tsx","statementMap":{"0":{"start":{"line":16,"column":2},"end":{"line":21,"column":4}}},"fnMap":{"0":{"name":"CategorySelectButton","decl":{"start":{"line":15,"column":16},"end":{"line":15,"column":36}},"loc":{"start":{"line":15,"column":72},"end":{"line":22,"column":1}},"line":15}},"branchMap":{},"s":{"0":0},"f":{"0":0},"b":{}}
,"C:\\Ignite\\ReactNative\\gofinances\\src\\components\\Form\\Button\\index.tsx": {"path":"C:\\Ignite\\ReactNative\\gofinances\\src\\components\\Form\\Button\\index.tsx","statementMap":{"0":{"start":{"line":15,"column":2},"end":{"line":19,"column":4}}},"fnMap":{"0":{"name":"Button","decl":{"start":{"line":14,"column":16},"end":{"line":14,"column":22}},"loc":{"start":{"line":14,"column":59},"end":{"line":20,"column":1}},"line":14}},"branchMap":{},"s":{"0":0},"f":{"0":0},"b":{}}
,"C:\\Ignite\\ReactNative\\gofinances\\src\\components\\Form\\Input\\index.tsx": {"path":"C:\\Ignite\\ReactNative\\gofinances\\src\\components\\Form\\Input\\index.tsx","statementMap":{"0":{"start":{"line":16,"column":2},"end":{"line":21,"column":4}}},"fnMap":{"0":{"name":"Input","decl":{"start":{"line":12,"column":16},"end":{"line":12,"column":21}},"loc":{"start":{"line":15,"column":10},"end":{"line":22,"column":1}},"line":15}},"branchMap":{"0":{"loc":{"start":{"line":13,"column":2},"end":{"line":13,"column":16}},"type":"default-arg","locations":[{"start":{"line":13,"column":11},"end":{"line":13,"column":16}}],"line":13}},"s":{"0":1},"f":{"0":1},"b":{"0":[0]},"_coverageSchema":"1a1c01bbd47fc00a2c39e90264f33305004495a9","hash":"410c0105bb0bd77f7c84d2cebf5fe383bd223f80"}
,"C:\\Ignite\\ReactNative\\gofinances\\src\\components\\Form\\InputForm\\index.tsx": {"path":"C:\\Ignite\\ReactNative\\gofinances\\src\\components\\Form\\InputForm\\index.tsx","statementMap":{"0":{"start":{"line":24,"column":2},"end":{"line":39,"column":4}},"1":{"start":{"line":29,"column":10},"end":{"line":33,"column":12}}},"fnMap":{"0":{"name":"InputForm","decl":{"start":{"line":18,"column":16},"end":{"line":18,"column":25}},"loc":{"start":{"line":23,"column":10},"end":{"line":40,"column":1}},"line":23},"1":{"name":"(anonymous_1)","decl":{"start":{"line":28,"column":16},"end":{"line":28,"column":17}},"loc":{"start":{"line":29,"column":10},"end":{"line":33,"column":12}},"line":29}},"branchMap":{"0":{"loc":{"start":{"line":37,"column":7},"end":{"line":37,"column":38}},"type":"binary-expr","locations":[{"start":{"line":37,"column":7},"end":{"line":37,"column":12}},{"start":{"line":37,"column":16},"end":{"line":37,"column":38}}],"line":37}},"s":{"0":0,"1":0},"f":{"0":0,"1":0},"b":{"0":[0,0]}}
,"C:\\Ignite\\ReactNative\\gofinances\\src\\components\\Form\\TransactionTypeButton\\index.tsx": {"path":"C:\\Ignite\\ReactNative\\gofinances\\src\\components\\Form\\TransactionTypeButton\\index.tsx","statementMap":{"0":{"start":{"line":11,"column":14},"end":{"line":14,"column":1}},"1":{"start":{"line":23,"column":2},"end":{"line":35,"column":4}}},"fnMap":{"0":{"name":"TransactionTypeButton","decl":{"start":{"line":22,"column":16},"end":{"line":22,"column":37}},"loc":{"start":{"line":22,"column":81},"end":{"line":36,"column":1}},"line":22}},"branchMap":{},"s":{"0":0,"1":0},"f":{"0":0},"b":{}}
,"C:\\Ignite\\ReactNative\\gofinances\\src\\components\\HighlightCard\\index.tsx": {"path":"C:\\Ignite\\ReactNative\\gofinances\\src\\components\\HighlightCard\\index.tsx","statementMap":{"0":{"start":{"line":20,"column":13},"end":{"line":24,"column":1}},"1":{"start":{"line":32,"column":2},"end":{"line":44,"column":4}}},"fnMap":{"0":{"name":"HighlightCard","decl":{"start":{"line":26,"column":16},"end":{"line":26,"column":29}},"loc":{"start":{"line":31,"column":10},"end":{"line":45,"column":1}},"line":31}},"branchMap":{},"s":{"0":0,"1":0},"f":{"0":0},"b":{}}
,"C:\\Ignite\\ReactNative\\gofinances\\src\\components\\HistoryCard\\index.tsx": {"path":"C:\\Ignite\\ReactNative\\gofinances\\src\\components\\HistoryCard\\index.tsx","statementMap":{"0":{"start":{"line":16,"column":2},"end":{"line":21,"column":4}}},"fnMap":{"0":{"name":"HistoryCard","decl":{"start":{"line":15,"column":16},"end":{"line":15,"column":27}},"loc":{"start":{"line":15,"column":61},"end":{"line":22,"column":1}},"line":15}},"branchMap":{},"s":{"0":0},"f":{"0":0},"b":{}}
,"C:\\Ignite\\ReactNative\\gofinances\\src\\components\\SignInSocialButton\\index.tsx": {"path":"C:\\Ignite\\ReactNative\\gofinances\\src\\components\\SignInSocialButton\\index.tsx","statementMap":{"0":{"start":{"line":21,"column":2},"end":{"line":31,"column":4}}},"fnMap":{"0":{"name":"SignInSocialButton","decl":{"start":{"line":16,"column":16},"end":{"line":16,"column":34}},"loc":{"start":{"line":20,"column":10},"end":{"line":32,"column":1}},"line":20}},"branchMap":{},"s":{"0":0},"f":{"0":0},"b":{}}
,"C:\\Ignite\\ReactNative\\gofinances\\src\\components\\TransactionCard\\index.tsx": {"path":"C:\\Ignite\\ReactNative\\gofinances\\src\\components\\TransactionCard\\index.tsx","statementMap":{"0":{"start":{"line":29,"column":21},"end":{"line":31,"column":3}},"1":{"start":{"line":30,"column":12},"end":{"line":30,"column":38}},"2":{"start":{"line":33,"column":2},"end":{"line":51,"column":4}}},"fnMap":{"0":{"name":"TransactionCard","decl":{"start":{"line":28,"column":16},"end":{"line":28,"column":31}},"loc":{"start":{"line":28,"column":49},"end":{"line":52,"column":1}},"line":28},"1":{"name":"(anonymous_1)","decl":{"start":{"line":30,"column":4},"end":{"line":30,"column":5}},"loc":{"start":{"line":30,"column":12},"end":{"line":30,"column":38}},"line":30}},"branchMap":{"0":{"loc":{"start":{"line":38,"column":9},"end":{"line":38,"column":41}},"type":"binary-expr","locations":[{"start":{"line":38,"column":9},"end":{"line":38,"column":33}},{"start":{"line":38,"column":37},"end":{"line":38,"column":41}}],"line":38}},"s":{"0":0,"1":0,"2":0},"f":{"0":0,"1":0},"b":{"0":[0,0]}}
,"C:\\Ignite\\ReactNative\\gofinances\\src\\hooks\\auth.tsx": {"path":"C:\\Ignite\\ReactNative\\gofinances\\src\\hooks\\auth.tsx","statementMap":{"0":{"start":{"line":3,"column":22},"end":{"line":3,"column":33}},"1":{"start":{"line":4,"column":25},"end":{"line":4,"column":36}},"2":{"start":{"line":38,"column":20},"end":{"line":38,"column":57}},"3":{"start":{"line":41,"column":26},"end":{"line":41,"column":52}},"4":{"start":{"line":42,"column":54},"end":{"line":42,"column":68}},"5":{"start":{"line":44,"column":25},"end":{"line":44,"column":43}},"6":{"start":{"line":47,"column":4},"end":{"line":69,"column":5}},"7":{"start":{"line":48,"column":28},"end":{"line":48,"column":35}},"8":{"start":{"line":49,"column":20},"end":{"line":49,"column":46}},"9":{"start":{"line":51,"column":22},"end":{"line":51,"column":166}},"10":{"start":{"line":53,"column":31},"end":{"line":53,"column":97}},"11":{"start":{"line":55,"column":6},"end":{"line":66,"column":7}},"12":{"start":{"line":56,"column":25},"end":{"line":56,"column":130}},"13":{"start":{"line":57,"column":25},"end":{"line":57,"column":46}},"14":{"start":{"line":58,"column":27},"end":{"line":63,"column":9}},"15":{"start":{"line":64,"column":8},"end":{"line":64,"column":27}},"16":{"start":{"line":65,"column":8},"end":{"line":65,"column":78}},"17":{"start":{"line":68,"column":6},"end":{"line":68,"column":36}},"18":{"start":{"line":73,"column":4},"end":{"line":96,"column":5}},"19":{"start":{"line":74,"column":25},"end":{"line":79,"column":8}},"20":{"start":{"line":81,"column":6},"end":{"line":92,"column":7}},"21":{"start":{"line":82,"column":21},"end":{"line":82,"column":52}},"22":{"start":{"line":83,"column":22},"end":{"line":83,"column":73}},"23":{"start":{"line":84,"column":27},"end":{"line":89,"column":9}},"24":{"start":{"line":90,"column":8},"end":{"line":90,"column":27}},"25":{"start":{"line":91,"column":8},"end":{"line":91,"column":78}},"26":{"start":{"line":95,"column":6},"end":{"line":95,"column":36}},"27":{"start":{"line":100,"column":4},"end":{"line":100,"column":23}},"28":{"start":{"line":101,"column":4},"end":{"line":101,"column":49}},"29":{"start":{"line":104,"column":2},"end":{"line":116,"column":8}},"30":{"start":{"line":106,"column":27},"end":{"line":106,"column":69}},"31":{"start":{"line":108,"column":6},"end":{"line":111,"column":7}},"32":{"start":{"line":109,"column":27},"end":{"line":109,"column":59}},"33":{"start":{"line":110,"column":8},"end":{"line":110,"column":27}},"34":{"start":{"line":112,"column":6},"end":{"line":112,"column":34}},"35":{"start":{"line":115,"column":4},"end":{"line":115,"column":25}},"36":{"start":{"line":118,"column":2},"end":{"line":128,"column":3}},"37":{"start":{"line":132,"column":18},"end":{"line":132,"column":41}},"38":{"start":{"line":134,"column":2},"end":{"line":134,"column":16}}},"fnMap":{"0":{"name":"AuthProvider","decl":{"start":{"line":40,"column":9},"end":{"line":40,"column":21}},"loc":{"start":{"line":40,"column":55},"end":{"line":129,"column":1}},"line":40},"1":{"name":"signInWithGoogle","decl":{"start":{"line":46,"column":17},"end":{"line":46,"column":33}},"loc":{"start":{"line":46,"column":36},"end":{"line":70,"column":3}},"line":46},"2":{"name":"signInWithApple","decl":{"start":{"line":72,"column":17},"end":{"line":72,"column":32}},"loc":{"start":{"line":72,"column":35},"end":{"line":97,"column":3}},"line":72},"3":{"name":"signOut","decl":{"start":{"line":99,"column":17},"end":{"line":99,"column":24}},"loc":{"start":{"line":99,"column":27},"end":{"line":102,"column":3}},"line":99},"4":{"name":"(anonymous_4)","decl":{"start":{"line":104,"column":12},"end":{"line":104,"column":13}},"loc":{"start":{"line":104,"column":18},"end":{"line":116,"column":3}},"line":104},"5":{"name":"loadUserStorageData","decl":{"start":{"line":105,"column":19},"end":{"line":105,"column":38}},"loc":{"start":{"line":105,"column":41},"end":{"line":113,"column":5}},"line":105},"6":{"name":"useAuth","decl":{"start":{"line":131,"column":9},"end":{"line":131,"column":16}},"loc":{"start":{"line":131,"column":19},"end":{"line":135,"column":1}},"line":131}},"branchMap":{"0":{"loc":{"start":{"line":55,"column":6},"end":{"line":66,"column":7}},"type":"if","locations":[{"start":{"line":55,"column":6},"end":{"line":66,"column":7}},{"start":{},"end":{}}],"line":55},"1":{"loc":{"start":{"line":81,"column":6},"end":{"line":92,"column":7}},"type":"if","locations":[{"start":{"line":81,"column":6},"end":{"line":92,"column":7}},{"start":{},"end":{}}],"line":81},"2":{"loc":{"start":{"line":108,"column":6},"end":{"line":111,"column":7}},"type":"if","locations":[{"start":{"line":108,"column":6},"end":{"line":111,"column":7}},{"start":{},"end":{}}],"line":108}},"s":{"0":0,"1":0,"2":0,"3":0,"4":0,"5":0,"6":0,"7":0,"8":0,"9":0,"10":0,"11":0,"12":0,"13":0,"14":0,"15":0,"16":0,"17":0,"18":0,"19":0,"20":0,"21":0,"22":0,"23":0,"24":0,"25":0,"26":0,"27":0,"28":0,"29":0,"30":0,"31":0,"32":0,"33":0,"34":0,"35":0,"36":0,"37":0,"38":0},"f":{"0":0,"1":0,"2":0,"3":0,"4":0,"5":0,"6":0},"b":{"0":[0,0],"1":[0,0],"2":[0,0]}}
,"C:\\Ignite\\ReactNative\\gofinances\\src\\routes\\app.routes.tsx": {"path":"C:\\Ignite\\ReactNative\\gofinances\\src\\routes\\app.routes.tsx","statementMap":{"0":{"start":{"line":7,"column":30},"end":{"line":7,"column":56}},"1":{"start":{"line":14,"column":16},"end":{"line":14,"column":26}},"2":{"start":{"line":16,"column":2},"end":{"line":71,"column":3}},"3":{"start":{"line":34,"column":12},"end":{"line":38,"column":14}},"4":{"start":{"line":48,"column":12},"end":{"line":52,"column":14}},"5":{"start":{"line":62,"column":12},"end":{"line":66,"column":14}}},"fnMap":{"0":{"name":"AppRoutes","decl":{"start":{"line":13,"column":16},"end":{"line":13,"column":25}},"loc":{"start":{"line":13,"column":28},"end":{"line":72,"column":1}},"line":13},"1":{"name":"(anonymous_1)","decl":{"start":{"line":33,"column":23},"end":{"line":33,"column":24}},"loc":{"start":{"line":34,"column":12},"end":{"line":38,"column":14}},"line":34},"2":{"name":"(anonymous_2)","decl":{"start":{"line":47,"column":23},"end":{"line":47,"column":24}},"loc":{"start":{"line":48,"column":12},"end":{"line":52,"column":14}},"line":48},"3":{"name":"(anonymous_3)","decl":{"start":{"line":61,"column":23},"end":{"line":61,"column":24}},"loc":{"start":{"line":62,"column":12},"end":{"line":66,"column":14}},"line":62}},"branchMap":{"0":{"loc":{"start":{"line":25,"column":27},"end":{"line":25,"column":57}},"type":"cond-expr","locations":[{"start":{"line":25,"column":51},"end":{"line":25,"column":53}},{"start":{"line":25,"column":56},"end":{"line":25,"column":57}}],"line":25}},"s":{"0":0,"1":0,"2":0,"3":0,"4":0,"5":0},"f":{"0":0,"1":0,"2":0,"3":0},"b":{"0":[0,0]}}
,"C:\\Ignite\\ReactNative\\gofinances\\src\\routes\\auth.routes.tsx": {"path":"C:\\Ignite\\ReactNative\\gofinances\\src\\routes\\auth.routes.tsx","statementMap":{"0":{"start":{"line":6,"column":30},"end":{"line":6,"column":52}},"1":{"start":{"line":9,"column":2},"end":{"line":16,"column":3}}},"fnMap":{"0":{"name":"AuthRoutes","decl":{"start":{"line":8,"column":16},"end":{"line":8,"column":26}},"loc":{"start":{"line":8,"column":29},"end":{"line":17,"column":1}},"line":8}},"branchMap":{},"s":{"0":0,"1":0},"f":{"0":0},"b":{}}
,"C:\\Ignite\\ReactNative\\gofinances\\src\\routes\\index.tsx": {"path":"C:\\Ignite\\ReactNative\\gofinances\\src\\routes\\index.tsx","statementMap":{"0":{"start":{"line":10,"column":19},"end":{"line":10,"column":28}},"1":{"start":{"line":12,"column":2},"end":{"line":16,"column":3}}},"fnMap":{"0":{"name":"Routes","decl":{"start":{"line":9,"column":16},"end":{"line":9,"column":22}},"loc":{"start":{"line":9,"column":25},"end":{"line":17,"column":1}},"line":9}},"branchMap":{"0":{"loc":{"start":{"line":14,"column":7},"end":{"line":14,"column":47}},"type":"cond-expr","locations":[{"start":{"line":14,"column":17},"end":{"line":14,"column":30}},{"start":{"line":14,"column":33},"end":{"line":14,"column":47}}],"line":14}},"s":{"0":0,"1":0},"f":{"0":0},"b":{"0":[0,0]}}
,"C:\\Ignite\\ReactNative\\gofinances\\src\\screens\\CategorySelect\\index.tsx": {"path":"C:\\Ignite\\ReactNative\\gofinances\\src\\screens\\CategorySelect\\index.tsx","statementMap":{"0":{"start":{"line":36,"column":4},"end":{"line":36,"column":25}},"1":{"start":{"line":39,"column":2},"end":{"line":68,"column":4}},"2":{"start":{"line":48,"column":32},"end":{"line":48,"column":40}},"3":{"start":{"line":50,"column":10},"end":{"line":56,"column":21}},"4":{"start":{"line":51,"column":27},"end":{"line":51,"column":53}},"5":{"start":{"line":58,"column":38},"end":{"line":58,"column":51}}},"fnMap":{"0":{"name":"CategorySelect","decl":{"start":{"line":29,"column":16},"end":{"line":29,"column":30}},"loc":{"start":{"line":33,"column":10},"end":{"line":69,"column":1}},"line":33},"1":{"name":"handleCategorySelect","decl":{"start":{"line":35,"column":11},"end":{"line":35,"column":31}},"loc":{"start":{"line":35,"column":52},"end":{"line":37,"column":3}},"line":35},"2":{"name":"(anonymous_2)","decl":{"start":{"line":48,"column":22},"end":{"line":48,"column":23}},"loc":{"start":{"line":48,"column":32},"end":{"line":48,"column":40}},"line":48},"3":{"name":"(anonymous_3)","decl":{"start":{"line":49,"column":20},"end":{"line":49,"column":21}},"loc":{"start":{"line":50,"column":10},"end":{"line":56,"column":21}},"line":50},"4":{"name":"(anonymous_4)","decl":{"start":{"line":51,"column":21},"end":{"line":51,"column":22}},"loc":{"start":{"line":51,"column":27},"end":{"line":51,"column":53}},"line":51},"5":{"name":"(anonymous_5)","decl":{"start":{"line":58,"column":32},"end":{"line":58,"column":33}},"loc":{"start":{"line":58,"column":38},"end":{"line":58,"column":51}},"line":58}},"branchMap":{},"s":{"0":0,"1":0,"2":0,"3":0,"4":0,"5":0},"f":{"0":0,"1":0,"2":0,"3":0,"4":0,"5":0},"b":{}}
,"C:\\Ignite\\ReactNative\\gofinances\\src\\screens\\Dashboard\\index.tsx": {"path":"C:\\Ignite\\ReactNative\\gofinances\\src\\screens\\Dashboard\\index.tsx","statementMap":{"0":{"start":{"line":47,"column":36},"end":{"line":47,"column":50}},"1":{"start":{"line":48,"column":42},"end":{"line":48,"column":71}},"2":{"start":{"line":49,"column":44},"end":{"line":49,"column":88}},"3":{"start":{"line":51,"column":16},"end":{"line":51,"column":26}},"4":{"start":{"line":52,"column":28},"end":{"line":52,"column":37}},"5":{"start":{"line":58,"column":32},"end":{"line":58,"column":91}},"6":{"start":{"line":58,"column":65},"end":{"line":58,"column":90}},"7":{"start":{"line":60,"column":4},"end":{"line":60,"column":50}},"8":{"start":{"line":60,"column":42},"end":{"line":60,"column":50}},"9":{"start":{"line":62,"column":29},"end":{"line":64,"column":6}},"10":{"start":{"line":63,"column":26},"end":{"line":63,"column":62}},"11":{"start":{"line":66,"column":4},"end":{"line":66,"column":108}},"12":{"start":{"line":70,"column":20},"end":{"line":70,"column":62}},"13":{"start":{"line":71,"column":21},"end":{"line":71,"column":56}},"14":{"start":{"line":72,"column":25},"end":{"line":72,"column":61}},"15":{"start":{"line":74,"column":23},"end":{"line":74,"column":24}},"16":{"start":{"line":75,"column":25},"end":{"line":75,"column":26}},"17":{"start":{"line":77,"column":51},"end":{"line":106,"column":8}},"18":{"start":{"line":80,"column":8},"end":{"line":84,"column":9}},"19":{"start":{"line":81,"column":10},"end":{"line":81,"column":45}},"20":{"start":{"line":83,"column":10},"end":{"line":83,"column":47}},"21":{"start":{"line":86,"column":23},"end":{"line":90,"column":12}},"22":{"start":{"line":92,"column":21},"end":{"line":96,"column":38}},"23":{"start":{"line":98,"column":8},"end":{"line":105,"column":9}},"24":{"start":{"line":108,"column":4},"end":{"line":108,"column":42}},"25":{"start":{"line":110,"column":35},"end":{"line":110,"column":83}},"26":{"start":{"line":111,"column":38},"end":{"line":111,"column":86}},"27":{"start":{"line":112,"column":26},"end":{"line":114,"column":43}},"28":{"start":{"line":116,"column":18},"end":{"line":116,"column":47}},"29":{"start":{"line":117,"column":4},"end":{"line":143,"column":6}},"30":{"start":{"line":144,"column":4},"end":{"line":144,"column":23}},"31":{"start":{"line":147,"column":2},"end":{"line":149,"column":8}},"32":{"start":{"line":148,"column":4},"end":{"line":148,"column":22}},"33":{"start":{"line":151,"column":2},"end":{"line":153,"column":9}},"34":{"start":{"line":152,"column":4},"end":{"line":152,"column":22}},"35":{"start":{"line":155,"column":2},"end":{"line":222,"column":4}},"36":{"start":{"line":213,"column":38},"end":{"line":213,"column":45}},"37":{"start":{"line":214,"column":42},"end":{"line":214,"column":73}}},"fnMap":{"0":{"name":"Dashboard","decl":{"start":{"line":46,"column":16},"end":{"line":46,"column":25}},"loc":{"start":{"line":46,"column":28},"end":{"line":223,"column":1}},"line":46},"1":{"name":"getLastTransactionDate","decl":{"start":{"line":54,"column":11},"end":{"line":54,"column":33}},"loc":{"start":{"line":57,"column":4},"end":{"line":67,"column":3}},"line":57},"2":{"name":"(anonymous_2)","decl":{"start":{"line":58,"column":50},"end":{"line":58,"column":51}},"loc":{"start":{"line":58,"column":65},"end":{"line":58,"column":90}},"line":58},"3":{"name":"(anonymous_3)","decl":{"start":{"line":63,"column":11},"end":{"line":63,"column":12}},"loc":{"start":{"line":63,"column":26},"end":{"line":63,"column":62}},"line":63},"4":{"name":"loadTransactions","decl":{"start":{"line":69,"column":17},"end":{"line":69,"column":33}},"loc":{"start":{"line":69,"column":36},"end":{"line":145,"column":3}},"line":69},"5":{"name":"(anonymous_5)","decl":{"start":{"line":78,"column":11},"end":{"line":78,"column":12}},"loc":{"start":{"line":78,"column":36},"end":{"line":106,"column":7}},"line":78},"6":{"name":"(anonymous_6)","decl":{"start":{"line":147,"column":12},"end":{"line":147,"column":13}},"loc":{"start":{"line":147,"column":18},"end":{"line":149,"column":3}},"line":147},"7":{"name":"(anonymous_7)","decl":{"start":{"line":151,"column":29},"end":{"line":151,"column":30}},"loc":{"start":{"line":151,"column":35},"end":{"line":153,"column":3}},"line":151},"8":{"name":"(anonymous_8)","decl":{"start":{"line":213,"column":30},"end":{"line":213,"column":31}},"loc":{"start":{"line":213,"column":38},"end":{"line":213,"column":45}},"line":213},"9":{"name":"(anonymous_9)","decl":{"start":{"line":214,"column":28},"end":{"line":214,"column":29}},"loc":{"start":{"line":214,"column":42},"end":{"line":214,"column":73}},"line":214}},"branchMap":{"0":{"loc":{"start":{"line":60,"column":4},"end":{"line":60,"column":50}},"type":"if","locations":[{"start":{"line":60,"column":4},"end":{"line":60,"column":50}},{"start":{},"end":{}}],"line":60},"1":{"loc":{"start":{"line":72,"column":25},"end":{"line":72,"column":61}},"type":"cond-expr","locations":[{"start":{"line":72,"column":36},"end":{"line":72,"column":56}},{"start":{"line":72,"column":59},"end":{"line":72,"column":61}}],"line":72},"2":{"loc":{"start":{"line":80,"column":8},"end":{"line":84,"column":9}},"type":"if","locations":[{"start":{"line":80,"column":8},"end":{"line":84,"column":9}},{"start":{"line":82,"column":15},"end":{"line":84,"column":9}}],"line":80},"3":{"loc":{"start":{"line":112,"column":26},"end":{"line":114,"column":43}},"type":"cond-expr","locations":[{"start":{"line":113,"column":8},"end":{"line":113,"column":27}},{"start":{"line":114,"column":8},"end":{"line":114,"column":43}}],"line":112},"4":{"loc":{"start":{"line":123,"column":25},"end":{"line":125,"column":58}},"type":"cond-expr","locations":[{"start":{"line":124,"column":12},"end":{"line":124,"column":31}},{"start":{"line":125,"column":12},"end":{"line":125,"column":58}}],"line":123},"5":{"loc":{"start":{"line":132,"column":25},"end":{"line":134,"column":59}},"type":"cond-expr","locations":[{"start":{"line":133,"column":12},"end":{"line":133,"column":31}},{"start":{"line":134,"column":12},"end":{"line":134,"column":59}}],"line":132},"6":{"loc":{"start":{"line":158,"column":8},"end":{"line":219,"column":13}},"type":"cond-expr","locations":[{"start":{"line":159,"column":10},"end":{"line":164,"column":26}},{"start":{"line":165,"column":10},"end":{"line":219,"column":13}}],"line":158}},"s":{"0":0,"1":0,"2":0,"3":0,"4":0,"5":0,"6":0,"7":0,"8":0,"9":0,"10":0,"11":0,"12":0,"13":0,"14":0,"15":0,"16":0,"17":0,"18":0,"19":0,"20":0,"21":0,"22":0,"23":0,"24":0,"25":0,"26":0,"27":0,"28":0,"29":0,"30":0,"31":0,"32":0,"33":0,"34":0,"35":0,"36":0,"37":0},"f":{"0":0,"1":0,"2":0,"3":0,"4":0,"5":0,"6":0,"7":0,"8":0,"9":0},"b":{"0":[0,0],"1":[0,0],"2":[0,0],"3":[0,0],"4":[0,0],"5":[0,0],"6":[0,0]}}
,"C:\\Ignite\\ReactNative\\gofinances\\src\\screens\\Profile\\index.tsx": {"path":"C:\\Ignite\\ReactNative\\gofinances\\src\\screens\\Profile\\index.tsx","statementMap":{"0":{"start":{"line":5,"column":2},"end":{"line":31,"column":4}}},"fnMap":{"0":{"name":"Profile","decl":{"start":{"line":4,"column":16},"end":{"line":4,"column":23}},"loc":{"start":{"line":4,"column":26},"end":{"line":32,"column":1}},"line":4},"1":{"name":"(anonymous_1)","decl":{"start":{"line":28,"column":17},"end":{"line":28,"column":18}},"loc":{"start":{"line":28,"column":23},"end":{"line":28,"column":26}},"line":28}},"branchMap":{},"s":{"0":3},"f":{"0":3,"1":0},"b":{},"_coverageSchema":"1a1c01bbd47fc00a2c39e90264f33305004495a9","hash":"aab7dc0c7f4ac74e002e745bdcee8c4b56dfe048"}
,"C:\\Ignite\\ReactNative\\gofinances\\src\\screens\\Register\\index.tsx": {"path":"C:\\Ignite\\ReactNative\\gofinances\\src\\screens\\Register\\index.tsx","statementMap":{"0":{"start":{"line":38,"column":15},"end":{"line":45,"column":2}},"1":{"start":{"line":48,"column":48},"end":{"line":48,"column":60}},"2":{"start":{"line":49,"column":52},"end":{"line":49,"column":67}},"3":{"start":{"line":51,"column":19},"end":{"line":51,"column":28}},"4":{"start":{"line":53,"column":34},"end":{"line":56,"column":4}},"5":{"start":{"line":58,"column":21},"end":{"line":58,"column":36}},"6":{"start":{"line":65,"column":6},"end":{"line":67,"column":4}},"7":{"start":{"line":70,"column":4},"end":{"line":70,"column":28}},"8":{"start":{"line":74,"column":4},"end":{"line":74,"column":30}},"9":{"start":{"line":79,"column":4},"end":{"line":79,"column":31}},"10":{"start":{"line":84,"column":4},"end":{"line":85,"column":58}},"11":{"start":{"line":85,"column":6},"end":{"line":85,"column":58}},"12":{"start":{"line":87,"column":4},"end":{"line":88,"column":50}},"13":{"start":{"line":88,"column":6},"end":{"line":88,"column":50}},"14":{"start":{"line":91,"column":27},"end":{"line":98,"column":5}},"15":{"start":{"line":100,"column":4},"end":{"line":124,"column":5}},"16":{"start":{"line":101,"column":22},"end":{"line":101,"column":64}},"17":{"start":{"line":102,"column":19},"end":{"line":102,"column":54}},"18":{"start":{"line":103,"column":26},"end":{"line":103,"column":54}},"19":{"start":{"line":105,"column":28},"end":{"line":108,"column":7}},"20":{"start":{"line":110,"column":6},"end":{"line":110,"column":72}},"21":{"start":{"line":112,"column":6},"end":{"line":112,"column":13}},"22":{"start":{"line":113,"column":6},"end":{"line":113,"column":28}},"23":{"start":{"line":114,"column":6},"end":{"line":117,"column":8}},"24":{"start":{"line":119,"column":6},"end":{"line":119,"column":46}},"25":{"start":{"line":122,"column":6},"end":{"line":122,"column":24}},"26":{"start":{"line":123,"column":6},"end":{"line":123,"column":44}},"27":{"start":{"line":127,"column":2},"end":{"line":193,"column":4}},"28":{"start":{"line":157,"column":31},"end":{"line":157,"column":70}},"29":{"start":{"line":164,"column":31},"end":{"line":164,"column":70}}},"fnMap":{"0":{"name":"Register","decl":{"start":{"line":47,"column":16},"end":{"line":47,"column":24}},"loc":{"start":{"line":47,"column":27},"end":{"line":194,"column":1}},"line":47},"1":{"name":"handleTransactionTypeSelect","decl":{"start":{"line":69,"column":11},"end":{"line":69,"column":38}},"loc":{"start":{"line":69,"column":70},"end":{"line":71,"column":3}},"line":69},"2":{"name":"handleOpenSelectCategoryModal","decl":{"start":{"line":73,"column":11},"end":{"line":73,"column":40}},"loc":{"start":{"line":73,"column":43},"end":{"line":75,"column":3}},"line":73},"3":{"name":"handleCloseSelectCategoryModal","decl":{"start":{"line":78,"column":11},"end":{"line":78,"column":41}},"loc":{"start":{"line":78,"column":44},"end":{"line":80,"column":3}},"line":78},"4":{"name":"handleRegister","decl":{"start":{"line":82,"column":17},"end":{"line":82,"column":31}},"loc":{"start":{"line":82,"column":48},"end":{"line":125,"column":3}},"line":82},"5":{"name":"(anonymous_5)","decl":{"start":{"line":157,"column":25},"end":{"line":157,"column":26}},"loc":{"start":{"line":157,"column":31},"end":{"line":157,"column":70}},"line":157},"6":{"name":"(anonymous_6)","decl":{"start":{"line":164,"column":25},"end":{"line":164,"column":26}},"loc":{"start":{"line":164,"column":31},"end":{"line":164,"column":70}},"line":164}},"branchMap":{"0":{"loc":{"start":{"line":84,"column":4},"end":{"line":85,"column":58}},"type":"if","locations":[{"start":{"line":84,"column":4},"end":{"line":85,"column":58}},{"start":{},"end":{}}],"line":84},"1":{"loc":{"start":{"line":87,"column":4},"end":{"line":88,"column":50}},"type":"if","locations":[{"start":{"line":87,"column":4},"end":{"line":88,"column":50}},{"start":{},"end":{}}],"line":87},"2":{"loc":{"start":{"line":103,"column":26},"end":{"line":103,"column":54}},"type":"cond-expr","locations":[{"start":{"line":103,"column":33},"end":{"line":103,"column":49}},{"start":{"line":103,"column":52},"end":{"line":103,"column":54}}],"line":103},"3":{"loc":{"start":{"line":142,"column":21},"end":{"line":142,"column":55}},"type":"binary-expr","locations":[{"start":{"line":142,"column":21},"end":{"line":142,"column":32}},{"start":{"line":142,"column":36},"end":{"line":142,"column":55}}],"line":142},"4":{"loc":{"start":{"line":150,"column":21},"end":{"line":150,"column":59}},"type":"binary-expr","locations":[{"start":{"line":150,"column":21},"end":{"line":150,"column":34}},{"start":{"line":150,"column":38},"end":{"line":150,"column":59}}],"line":150}},"s":{"0":0,"1":0,"2":0,"3":0,"4":0,"5":0,"6":0,"7":0,"8":0,"9":0,"10":0,"11":0,"12":0,"13":0,"14":0,"15":0,"16":0,"17":0,"18":0,"19":0,"20":0,"21":0,"22":0,"23":0,"24":0,"25":0,"26":0,"27":0,"28":0,"29":0},"f":{"0":0,"1":0,"2":0,"3":0,"4":0,"5":0,"6":0},"b":{"0":[0,0],"1":[0,0],"2":[0,0],"3":[0,0],"4":[0,0]}}
,"C:\\Ignite\\ReactNative\\gofinances\\src\\screens\\Resume\\index.tsx": {"path":"C:\\Ignite\\ReactNative\\gofinances\\src\\screens\\Resume\\index.tsx","statementMap":{"0":{"start":{"line":51,"column":36},"end":{"line":51,"column":51}},"1":{"start":{"line":52,"column":42},"end":{"line":52,"column":62}},"2":{"start":{"line":53,"column":52},"end":{"line":53,"column":80}},"3":{"start":{"line":55,"column":16},"end":{"line":55,"column":26}},"4":{"start":{"line":56,"column":19},"end":{"line":56,"column":28}},"5":{"start":{"line":59,"column":4},"end":{"line":63,"column":5}},"6":{"start":{"line":60,"column":6},"end":{"line":60,"column":49}},"7":{"start":{"line":62,"column":6},"end":{"line":62,"column":49}},"8":{"start":{"line":67,"column":4},"end":{"line":67,"column":22}},"9":{"start":{"line":68,"column":20},"end":{"line":68,"column":62}},"10":{"start":{"line":69,"column":21},"end":{"line":69,"column":56}},"11":{"start":{"line":70,"column":30},"end":{"line":70,"column":66}},"12":{"start":{"line":72,"column":22},"end":{"line":77,"column":7}},"13":{"start":{"line":74,"column":8},"end":{"line":76,"column":77}},"14":{"start":{"line":79,"column":27},"end":{"line":82,"column":11}},"15":{"start":{"line":81,"column":8},"end":{"line":81,"column":45}},"16":{"start":{"line":84,"column":44},"end":{"line":84,"column":46}},"17":{"start":{"line":86,"column":4},"end":{"line":112,"column":6}},"18":{"start":{"line":87,"column":24},"end":{"line":87,"column":25}},"19":{"start":{"line":89,"column":6},"end":{"line":93,"column":8}},"20":{"start":{"line":90,"column":8},"end":{"line":92,"column":9}},"21":{"start":{"line":91,"column":10},"end":{"line":91,"column":49}},"22":{"start":{"line":95,"column":6},"end":{"line":111,"column":7}},"23":{"start":{"line":96,"column":22},"end":{"line":99,"column":10}},"24":{"start":{"line":101,"column":24},"end":{"line":101,"column":77}},"25":{"start":{"line":103,"column":8},"end":{"line":110,"column":10}},"26":{"start":{"line":114,"column":4},"end":{"line":114,"column":41}},"27":{"start":{"line":115,"column":4},"end":{"line":115,"column":23}},"28":{"start":{"line":118,"column":2},"end":{"line":120,"column":21}},"29":{"start":{"line":119,"column":4},"end":{"line":119,"column":14}},"30":{"start":{"line":122,"column":2},"end":{"line":188,"column":4}},"31":{"start":{"line":147,"column":48},"end":{"line":147,"column":72}},"32":{"start":{"line":153,"column":48},"end":{"line":153,"column":72}},"33":{"start":{"line":161,"column":62},"end":{"line":161,"column":76}},"34":{"start":{"line":177,"column":16},"end":{"line":182,"column":18}}},"fnMap":{"0":{"name":"Resume","decl":{"start":{"line":50,"column":16},"end":{"line":50,"column":22}},"loc":{"start":{"line":50,"column":25},"end":{"line":189,"column":1}},"line":50},"1":{"name":"handleDateChange","decl":{"start":{"line":58,"column":11},"end":{"line":58,"column":27}},"loc":{"start":{"line":58,"column":53},"end":{"line":64,"column":3}},"line":58},"2":{"name":"loadData","decl":{"start":{"line":66,"column":17},"end":{"line":66,"column":25}},"loc":{"start":{"line":66,"column":28},"end":{"line":116,"column":3}},"line":66},"3":{"name":"(anonymous_3)","decl":{"start":{"line":73,"column":14},"end":{"line":73,"column":15}},"loc":{"start":{"line":74,"column":8},"end":{"line":76,"column":77}},"line":74},"4":{"name":"(anonymous_4)","decl":{"start":{"line":80,"column":14},"end":{"line":80,"column":15}},"loc":{"start":{"line":80,"column":59},"end":{"line":82,"column":7}},"line":80},"5":{"name":"(anonymous_5)","decl":{"start":{"line":86,"column":23},"end":{"line":86,"column":24}},"loc":{"start":{"line":86,"column":35},"end":{"line":112,"column":5}},"line":86},"6":{"name":"(anonymous_6)","decl":{"start":{"line":89,"column":24},"end":{"line":89,"column":25}},"loc":{"start":{"line":89,"column":56},"end":{"line":93,"column":7}},"line":89},"7":{"name":"(anonymous_7)","decl":{"start":{"line":118,"column":29},"end":{"line":118,"column":30}},"loc":{"start":{"line":118,"column":35},"end":{"line":120,"column":3}},"line":118},"8":{"name":"(anonymous_8)","decl":{"start":{"line":147,"column":42},"end":{"line":147,"column":43}},"loc":{"start":{"line":147,"column":48},"end":{"line":147,"column":72}},"line":147},"9":{"name":"(anonymous_9)","decl":{"start":{"line":153,"column":42},"end":{"line":153,"column":43}},"loc":{"start":{"line":153,"column":48},"end":{"line":153,"column":72}},"line":153},"10":{"name":"(anonymous_10)","decl":{"start":{"line":161,"column":50},"end":{"line":161,"column":51}},"loc":{"start":{"line":161,"column":62},"end":{"line":161,"column":76}},"line":161},"11":{"name":"(anonymous_11)","decl":{"start":{"line":176,"column":36},"end":{"line":176,"column":37}},"loc":{"start":{"line":177,"column":16},"end":{"line":182,"column":18}},"line":177}},"branchMap":{"0":{"loc":{"start":{"line":59,"column":4},"end":{"line":63,"column":5}},"type":"if","locations":[{"start":{"line":59,"column":4},"end":{"line":63,"column":5}},{"start":{"line":61,"column":11},"end":{"line":63,"column":5}}],"line":59},"1":{"loc":{"start":{"line":70,"column":30},"end":{"line":70,"column":66}},"type":"cond-expr","locations":[{"start":{"line":70,"column":41},"end":{"line":70,"column":61}},{"start":{"line":70,"column":64},"end":{"line":70,"column":66}}],"line":70},"2":{"loc":{"start":{"line":74,"column":8},"end":{"line":76,"column":77}},"type":"binary-expr","locations":[{"start":{"line":74,"column":8},"end":{"line":74,"column":37}},{"start":{"line":75,"column":8},"end":{"line":75,"column":71}},{"start":{"line":76,"column":8},"end":{"line":76,"column":77}}],"line":74},"3":{"loc":{"start":{"line":90,"column":8},"end":{"line":92,"column":9}},"type":"if","locations":[{"start":{"line":90,"column":8},"end":{"line":92,"column":9}},{"start":{},"end":{}}],"line":90},"4":{"loc":{"start":{"line":95,"column":6},"end":{"line":111,"column":7}},"type":"if","locations":[{"start":{"line":95,"column":6},"end":{"line":111,"column":7}},{"start":{},"end":{}}],"line":95},"5":{"loc":{"start":{"line":129,"column":8},"end":{"line":185,"column":20}},"type":"cond-expr","locations":[{"start":{"line":130,"column":10},"end":{"line":135,"column":26}},{"start":{"line":138,"column":10},"end":{"line":185,"column":20}}],"line":129}},"s":{"0":0,"1":0,"2":0,"3":0,"4":0,"5":0,"6":0,"7":0,"8":0,"9":0,"10":0,"11":0,"12":0,"13":0,"14":0,"15":0,"16":0,"17":0,"18":0,"19":0,"20":0,"21":0,"22":0,"23":0,"24":0,"25":0,"26":0,"27":0,"28":0,"29":0,"30":0,"31":0,"32":0,"33":0,"34":0},"f":{"0":0,"1":0,"2":0,"3":0,"4":0,"5":0,"6":0,"7":0,"8":0,"9":0,"10":0,"11":0},"b":{"0":[0,0],"1":[0,0],"2":[0,0,0],"3":[0,0],"4":[0,0],"5":[0,0]}}
,"C:\\Ignite\\ReactNative\\gofinances\\src\\screens\\SignIn\\index.tsx": {"path":"C:\\Ignite\\ReactNative\\gofinances\\src\\screens\\SignIn\\index.tsx","statementMap":{"0":{"start":{"line":24,"column":36},"end":{"line":24,"column":51}},"1":{"start":{"line":25,"column":48},"end":{"line":25,"column":57}},"2":{"start":{"line":27,"column":16},"end":{"line":27,"column":26}},"3":{"start":{"line":30,"column":4},"end":{"line":38,"column":5}},"4":{"start":{"line":31,"column":6},"end":{"line":31,"column":24}},"5":{"start":{"line":32,"column":6},"end":{"line":32,"column":37}},"6":{"start":{"line":34,"column":6},"end":{"line":34,"column":24}},"7":{"start":{"line":35,"column":6},"end":{"line":35,"column":62}},"8":{"start":{"line":37,"column":6},"end":{"line":37,"column":25}},"9":{"start":{"line":42,"column":4},"end":{"line":50,"column":5}},"10":{"start":{"line":43,"column":6},"end":{"line":43,"column":24}},"11":{"start":{"line":44,"column":6},"end":{"line":44,"column":36}},"12":{"start":{"line":46,"column":6},"end":{"line":46,"column":24}},"13":{"start":{"line":47,"column":6},"end":{"line":47,"column":61}},"14":{"start":{"line":49,"column":6},"end":{"line":49,"column":25}},"15":{"start":{"line":53,"column":2},"end":{"line":101,"column":4}}},"fnMap":{"0":{"name":"SignIn","decl":{"start":{"line":23,"column":16},"end":{"line":23,"column":22}},"loc":{"start":{"line":23,"column":25},"end":{"line":102,"column":1}},"line":23},"1":{"name":"handleSignInWithGoogle","decl":{"start":{"line":29,"column":17},"end":{"line":29,"column":39}},"loc":{"start":{"line":29,"column":42},"end":{"line":39,"column":3}},"line":29},"2":{"name":"handleSignInWithApple","decl":{"start":{"line":41,"column":17},"end":{"line":41,"column":38}},"loc":{"start":{"line":41,"column":41},"end":{"line":51,"column":3}},"line":41}},"branchMap":{"0":{"loc":{"start":{"line":84,"column":12},"end":{"line":89,"column":14}},"type":"binary-expr","locations":[{"start":{"line":84,"column":12},"end":{"line":84,"column":33}},{"start":{"line":85,"column":12},"end":{"line":89,"column":14}}],"line":84},"1":{"loc":{"start":{"line":93,"column":9},"end":{"line":97,"column":12}},"type":"binary-expr","locations":[{"start":{"line":93,"column":9},"end":{"line":93,"column":18}},{"start":{"line":94,"column":10},"end":{"line":97,"column":12}}],"line":93}},"s":{"0":0,"1":0,"2":0,"3":0,"4":0,"5":0,"6":0,"7":0,"8":0,"9":0,"10":0,"11":0,"12":0,"13":0,"14":0,"15":0},"f":{"0":0,"1":0,"2":0},"b":{"0":[0,0],"1":[0,0]}}
}
